Determining if the pthread_create exist failed with the following output:
Change Dir: /home/win/catkin_ws/build/CMakeFiles/CMakeTmp

Run Build Command:"/usr/bin/make" "cmTC_2bcb1/fast"
/usr/bin/make -f CMakeFiles/cmTC_2bcb1.dir/build.make CMakeFiles/cmTC_2bcb1.dir/build
make[1]: 进入目录“/home/win/catkin_ws/build/CMakeFiles/CMakeTmp”
Building C object CMakeFiles/cmTC_2bcb1.dir/CheckSymbolExists.c.o
/usr/bin/cc    -o CMakeFiles/cmTC_2bcb1.dir/CheckSymbolExists.c.o   -c /home/win/catkin_ws/build/CMakeFiles/CMakeTmp/CheckSymbolExists.c
Linking C executable cmTC_2bcb1
/home/win/cmake-3.13.0/bin/cmake -E cmake_link_script CMakeFiles/cmTC_2bcb1.dir/link.txt --verbose=1
/usr/bin/cc      -rdynamic CMakeFiles/cmTC_2bcb1.dir/CheckSymbolExists.c.o  -o cmTC_2bcb1 
CMakeFiles/cmTC_2bcb1.dir/CheckSymbolExists.c.o：在函数‘main’中：
CheckSymbolExists.c:(.text+0x14)：对‘pthread_create’未定义的引用
CheckSymbolExists.c:(.text+0x18)：对‘pthread_create’未定义的引用
collect2: error: ld returned 1 exit status
CMakeFiles/cmTC_2bcb1.dir/build.make:86: recipe for target 'cmTC_2bcb1' failed
make[1]: *** [cmTC_2bcb1] Error 1
make[1]: 离开目录“/home/win/catkin_ws/build/CMakeFiles/CMakeTmp”
Makefile:121: recipe for target 'cmTC_2bcb1/fast' failed
make: *** [cmTC_2bcb1/fast] Error 2

File /home/win/catkin_ws/build/CMakeFiles/CMakeTmp/CheckSymbolExists.c:
/* */
#include <pthread.h>

int main(int argc, char** argv)
{
  (void)argv;
#ifndef pthread_create
  return ((int*)(&pthread_create))[argc];
#else
  (void)argc;
  return 0;
#endif
}

Determining if the function pthread_create exists in the pthreads failed with the following output:
Change Dir: /home/win/catkin_ws/build/CMakeFiles/CMakeTmp

Run Build Command:"/usr/bin/make" "cmTC_22201/fast"
/usr/bin/make -f CMakeFiles/cmTC_22201.dir/build.make CMakeFiles/cmTC_22201.dir/build
make[1]: 进入目录“/home/win/catkin_ws/build/CMakeFiles/CMakeTmp”
Building C object CMakeFiles/cmTC_22201.dir/CheckFunctionExists.c.o
/usr/bin/cc   -DCHECK_FUNCTION_EXISTS=pthread_create   -o CMakeFiles/cmTC_22201.dir/CheckFunctionExists.c.o   -c /home/win/cmake-3.13.0/Modules/CheckFunctionExists.c
Linking C executable cmTC_22201
/home/win/cmake-3.13.0/bin/cmake -E cmake_link_script CMakeFiles/cmTC_22201.dir/link.txt --verbose=1
/usr/bin/cc  -DCHECK_FUNCTION_EXISTS=pthread_create    -rdynamic CMakeFiles/cmTC_22201.dir/CheckFunctionExists.c.o  -o cmTC_22201 -lpthreads 
/usr/bin/ld: 找不到 -lpthreads
collect2: error: ld returned 1 exit status
CMakeFiles/cmTC_22201.dir/build.make:86: recipe for target 'cmTC_22201' failed
make[1]: *** [cmTC_22201] Error 1
make[1]: 离开目录“/home/win/catkin_ws/build/CMakeFiles/CMakeTmp”
Makefile:121: recipe for target 'cmTC_22201/fast' failed
make: *** [cmTC_22201/fast] Error 2


