Determining if the pthread_create exist failed with the following output:
Change Dir: /home/win/catkin_ws/build_isolated/serial_pkg/CMakeFiles/CMakeTmp

Run Build Command:"/usr/bin/make" "cmTC_ae74c/fast"
/usr/bin/make -f CMakeFiles/cmTC_ae74c.dir/build.make CMakeFiles/cmTC_ae74c.dir/build
make[1]: 进入目录“/home/win/catkin_ws/build_isolated/serial_pkg/CMakeFiles/CMakeTmp”
Building C object CMakeFiles/cmTC_ae74c.dir/CheckSymbolExists.c.o
/usr/bin/cc    -o CMakeFiles/cmTC_ae74c.dir/CheckSymbolExists.c.o   -c /home/win/catkin_ws/build_isolated/serial_pkg/CMakeFiles/CMakeTmp/CheckSymbolExists.c
Linking C executable cmTC_ae74c
/home/win/cmake-3.13.0/bin/cmake -E cmake_link_script CMakeFiles/cmTC_ae74c.dir/link.txt --verbose=1
/usr/bin/cc      -rdynamic CMakeFiles/cmTC_ae74c.dir/CheckSymbolExists.c.o  -o cmTC_ae74c 
CMakeFiles/cmTC_ae74c.dir/CheckSymbolExists.c.o：在函数‘main’中：
CheckSymbolExists.c:(.text+0x14)：对‘pthread_create’未定义的引用
CheckSymbolExists.c:(.text+0x18)：对‘pthread_create’未定义的引用
collect2: error: ld returned 1 exit status
CMakeFiles/cmTC_ae74c.dir/build.make:86: recipe for target 'cmTC_ae74c' failed
make[1]: *** [cmTC_ae74c] Error 1
make[1]: 离开目录“/home/win/catkin_ws/build_isolated/serial_pkg/CMakeFiles/CMakeTmp”
Makefile:121: recipe for target 'cmTC_ae74c/fast' failed
make: *** [cmTC_ae74c/fast] Error 2

File /home/win/catkin_ws/build_isolated/serial_pkg/CMakeFiles/CMakeTmp/CheckSymbolExists.c:
/* */
#include <pthread.h>

int main(int argc, char** argv)
{
  (void)argv;
#ifndef pthread_create
  return ((int*)(&pthread_create))[argc];
#else
  (void)argc;
  return 0;
#endif
}

Determining if the function pthread_create exists in the pthreads failed with the following output:
Change Dir: /home/win/catkin_ws/build_isolated/serial_pkg/CMakeFiles/CMakeTmp

Run Build Command:"/usr/bin/make" "cmTC_fe017/fast"
/usr/bin/make -f CMakeFiles/cmTC_fe017.dir/build.make CMakeFiles/cmTC_fe017.dir/build
make[1]: 进入目录“/home/win/catkin_ws/build_isolated/serial_pkg/CMakeFiles/CMakeTmp”
Building C object CMakeFiles/cmTC_fe017.dir/CheckFunctionExists.c.o
/usr/bin/cc   -DCHECK_FUNCTION_EXISTS=pthread_create   -o CMakeFiles/cmTC_fe017.dir/CheckFunctionExists.c.o   -c /home/win/cmake-3.13.0/Modules/CheckFunctionExists.c
Linking C executable cmTC_fe017
/home/win/cmake-3.13.0/bin/cmake -E cmake_link_script CMakeFiles/cmTC_fe017.dir/link.txt --verbose=1
/usr/bin/cc  -DCHECK_FUNCTION_EXISTS=pthread_create    -rdynamic CMakeFiles/cmTC_fe017.dir/CheckFunctionExists.c.o  -o cmTC_fe017 -lpthreads 
/usr/bin/ld: 找不到 -lpthreads
collect2: error: ld returned 1 exit status
CMakeFiles/cmTC_fe017.dir/build.make:86: recipe for target 'cmTC_fe017' failed
make[1]: *** [cmTC_fe017] Error 1
make[1]: 离开目录“/home/win/catkin_ws/build_isolated/serial_pkg/CMakeFiles/CMakeTmp”
Makefile:121: recipe for target 'cmTC_fe017/fast' failed
make: *** [cmTC_fe017/fast] Error 2


